\BOOKMARK [0][-]{chapter.0}{Preface}{}% 1
\BOOKMARK [1][-]{section.0.1}{To The Student}{chapter.0}% 2
\BOOKMARK [2][-]{subsection.0.1.1}{The Inquiry-Based Approach}{section.0.1}% 3
\BOOKMARK [2][-]{subsection.0.1.2}{Online Texts and Other Resources}{section.0.1}% 4
\BOOKMARK [1][-]{section.0.2}{To the Instructor}{chapter.0}% 5
\BOOKMARK [2][-]{subsection.0.2.1}{The Inquiry-Based Approach}{section.0.2}% 6
\BOOKMARK [2][-]{subsection.0.2.2}{The Projects}{section.0.2}% 7
\BOOKMARK [2][-]{subsection.0.2.3}{Coding}{section.0.2}% 8
\BOOKMARK [2][-]{subsection.0.2.4}{Pacing}{section.0.2}% 9
\BOOKMARK [1][-]{section.0.3}{Special Thanks}{chapter.0}% 10
\BOOKMARK [0][-]{chapter.1}{Introductory Topics}{}% 11
\BOOKMARK [1][-]{section.1.1}{An Introduction to Numerical Analysis}{chapter.1}% 12
\BOOKMARK [1][-]{section.1.2}{Base 2 and Binary Arithmetic}{chapter.1}% 13
\BOOKMARK [1][-]{section.1.3}{Floating Point Arithmetic}{chapter.1}% 14
\BOOKMARK [1][-]{section.1.4}{The Taylor Series}{chapter.1}% 15
\BOOKMARK [2][-]{subsection.1.4.1}{Polynomial Approximation}{section.1.4}% 16
\BOOKMARK [2][-]{subsection.1.4.2}{Truncation Error in Taylor Series}{section.1.4}% 17
\BOOKMARK [1][-]{section.1.5}{Exercises}{chapter.1}% 18
\BOOKMARK [2][-]{subsection.1.5.1}{Coding Exercises}{section.1.5}% 19
\BOOKMARK [2][-]{subsection.1.5.2}{Applying What You've Learned}{section.1.5}% 20
\BOOKMARK [0][-]{chapter.2}{Numerical Algebra}{}% 21
\BOOKMARK [1][-]{section.2.1}{A Root Finding Game}{chapter.2}% 22
\BOOKMARK [1][-]{section.2.2}{Introduction to Root Finding}{chapter.2}% 23
\BOOKMARK [1][-]{section.2.3}{The Bisection Method}{chapter.2}% 24
\BOOKMARK [1][-]{section.2.4}{The Regula Falsi Method}{chapter.2}% 25
\BOOKMARK [1][-]{section.2.5}{Newton's Method}{chapter.2}% 26
\BOOKMARK [1][-]{section.2.6}{Quasi-Newton Methods}{chapter.2}% 27
\BOOKMARK [1][-]{section.2.7}{Exercises}{chapter.2}% 28
\BOOKMARK [2][-]{subsection.2.7.1}{Algorithm Summaries}{section.2.7}% 29
\BOOKMARK [2][-]{subsection.2.7.2}{Applying What You've Learned}{section.2.7}% 30
\BOOKMARK [1][-]{section.2.8}{Projects}{chapter.2}% 31
\BOOKMARK [2][-]{subsection.2.8.1}{Basins of Attraction}{section.2.8}% 32
\BOOKMARK [0][-]{chapter.3}{Numerical Calculus}{}% 33
\BOOKMARK [1][-]{section.3.1}{Numerical Differentiation}{chapter.3}% 34
\BOOKMARK [1][-]{section.3.2}{Numerical Integration}{chapter.3}% 35
\BOOKMARK [1][-]{section.3.3}{Numerical Optimization}{chapter.3}% 36
\BOOKMARK [2][-]{subsection.3.3.1}{Single Variable Numerical Optimization}{section.3.3}% 37
\BOOKMARK [2][-]{subsection.3.3.2}{Multivariable Numerical Optimization}{section.3.3}% 38
\BOOKMARK [1][-]{section.3.4}{Numerical Curve Fitting}{chapter.3}% 39
\BOOKMARK [1][-]{section.3.5}{Exercises}{chapter.3}% 40
\BOOKMARK [2][-]{subsection.3.5.1}{Algorithm Summaries}{section.3.5}% 41
\BOOKMARK [2][-]{subsection.3.5.2}{Applying What You've Learned}{section.3.5}% 42
\BOOKMARK [1][-]{section.3.6}{Projects}{chapter.3}% 43
\BOOKMARK [2][-]{subsection.3.6.1}{Galaxy Integration}{section.3.6}% 44
\BOOKMARK [2][-]{subsection.3.6.2}{Higher Order Integration}{section.3.6}% 45
\BOOKMARK [2][-]{subsection.3.6.3}{Dam Integration}{section.3.6}% 46
\BOOKMARK [0][-]{chapter.4}{Numerical Linear Algebra}{}% 47
\BOOKMARK [1][-]{section.4.1}{Matrix Operations}{chapter.4}% 48
\BOOKMARK [1][-]{section.4.2}{Solving Systems of Linear Equations}{chapter.4}% 49
\BOOKMARK [2][-]{subsection.4.2.1}{Upper and Lower Triangular Systems}{section.4.2}% 50
\BOOKMARK [2][-]{subsection.4.2.2}{The LU Factorization}{section.4.2}% 51
\BOOKMARK [1][-]{section.4.3}{Curve Fitting with Linear Algebra \205 The Least Squares Problem}{chapter.4}% 52
\BOOKMARK [1][-]{section.4.4}{The QR Factorization}{chapter.4}% 53
\BOOKMARK [1][-]{section.4.5}{The Eigenvalue-Eigenvector Problem}{chapter.4}% 54
\BOOKMARK [1][-]{section.4.6}{The Singular Value Decomposition}{chapter.4}% 55
\BOOKMARK [1][-]{section.4.7}{Multi-Dimensional Newton's Method}{chapter.4}% 56
\BOOKMARK [1][-]{section.4.8}{Exercises}{chapter.4}% 57
\BOOKMARK [2][-]{subsection.4.8.1}{Algorithm Summaries}{section.4.8}% 58
\BOOKMARK [2][-]{subsection.4.8.2}{Applying What You've Learned}{section.4.8}% 59
\BOOKMARK [1][-]{section.4.9}{Projects}{chapter.4}% 60
\BOOKMARK [2][-]{subsection.4.9.1}{Applications of the Singular Value Decomposition}{section.4.9}% 61
\BOOKMARK [2][-]{subsection.4.9.2}{The Google Page Rank Algorithm}{section.4.9}% 62
\BOOKMARK [0][-]{chapter.5}{Numerical Ordinary Differential Equations}{}% 63
\BOOKMARK [1][-]{section.5.1}{Recalling the Basics of Ordinary Differential Equations}{chapter.5}% 64
\BOOKMARK [1][-]{section.5.2}{Euler's Method}{chapter.5}% 65
\BOOKMARK [1][-]{section.5.3}{The Midpoint Method}{chapter.5}% 66
\BOOKMARK [1][-]{section.5.4}{The Runge-Kutta Method}{chapter.5}% 67
\BOOKMARK [1][-]{section.5.5}{The Backwards Euler Method}{chapter.5}% 68
\BOOKMARK [1][-]{section.5.6}{Exercises}{chapter.5}% 69
\BOOKMARK [2][-]{subsection.5.6.1}{Algorithm Summaries}{section.5.6}% 70
\BOOKMARK [2][-]{subsection.5.6.2}{Applying What You've Learned}{section.5.6}% 71
\BOOKMARK [1][-]{section.5.7}{Projects}{chapter.5}% 72
\BOOKMARK [2][-]{subsection.5.7.1}{Pain Management}{section.5.7}% 73
\BOOKMARK [2][-]{subsection.5.7.2}{The H1N1 Virus}{section.5.7}% 74
\BOOKMARK [2][-]{subsection.5.7.3}{The Artillery Problem}{section.5.7}% 75
\BOOKMARK [2][-]{subsection.5.7.4}{The HIV Problem}{section.5.7}% 76
\BOOKMARK [0][-]{chapter.6}{Numerical Partial Differential Equations}{}% 77
\BOOKMARK [1][-]{section.6.1}{Quick Review \205 Main Ideas from Vector Calculus}{chapter.6}% 78
\BOOKMARK [1][-]{section.6.2}{An Intuitive Introduction to some Common PDEs}{chapter.6}% 79
\BOOKMARK [1][-]{section.6.3}{Analytic Solutions to Linear PDEs}{chapter.6}% 80
\BOOKMARK [1][-]{section.6.4}{Boundary Conditions}{chapter.6}% 81
\BOOKMARK [1][-]{section.6.5}{Numerical Solutions of The Heat Equation}{chapter.6}% 82
\BOOKMARK [2][-]{subsection.6.5.1}{1D Heat Equation}{section.6.5}% 83
\BOOKMARK [2][-]{subsection.6.5.2}{Stabilized 1D Heat Equation \205 The Crank Nicolson Method}{section.6.5}% 84
\BOOKMARK [2][-]{subsection.6.5.3}{2D Heat Equation}{section.6.5}% 85
\BOOKMARK [1][-]{section.6.6}{Numerical Solutions of The Wave Equation}{chapter.6}% 86
\BOOKMARK [1][-]{section.6.7}{Traveling Waves}{chapter.6}% 87
\BOOKMARK [1][-]{section.6.8}{The Laplace and Poisson Equations \205 Steady State PDEs}{chapter.6}% 88
\BOOKMARK [1][-]{section.6.9}{Exercises}{chapter.6}% 89
\BOOKMARK [2][-]{subsection.6.9.1}{Algorithm Summaries}{section.6.9}% 90
\BOOKMARK [2][-]{subsection.6.9.2}{Applying What You've Learned}{section.6.9}% 91
\BOOKMARK [1][-]{section.6.10}{Projects}{chapter.6}% 92
\BOOKMARK [2][-]{subsection.6.10.1}{Hunting and Diffusion}{section.6.10}% 93
\BOOKMARK [2][-]{subsection.6.10.2}{Heating Adobe Houses}{section.6.10}% 94
\BOOKMARK [2][-]{subsection.6.10.3}{The River Contamination Problem}{section.6.10}% 95
\BOOKMARK [0][-]{appendix.A}{Python Basics}{}% 96
\BOOKMARK [1][-]{section.A.1}{Getting Started}{appendix.A}% 97
\BOOKMARK [1][-]{section.A.2}{Python Programming Basics}{appendix.A}% 98
\BOOKMARK [2][-]{subsection.A.2.1}{Variables}{section.A.2}% 99
\BOOKMARK [2][-]{subsection.A.2.2}{Indexing and Lists}{section.A.2}% 100
\BOOKMARK [2][-]{subsection.A.2.3}{List Operations}{section.A.2}% 101
\BOOKMARK [2][-]{subsection.A.2.4}{Tuples}{section.A.2}% 102
\BOOKMARK [2][-]{subsection.A.2.5}{Control Flow: Loops and If Statements}{section.A.2}% 103
\BOOKMARK [2][-]{subsection.A.2.6}{Functions}{section.A.2}% 104
\BOOKMARK [2][-]{subsection.A.2.7}{Packages}{section.A.2}% 105
\BOOKMARK [1][-]{section.A.3}{Numerical Python with numpy}{appendix.A}% 106
\BOOKMARK [2][-]{subsection.A.3.1}{Numpy Arrays, Array Operations, and Matrix Operations}{section.A.3}% 107
\BOOKMARK [2][-]{subsection.A.3.2}{arange, linspace, zeros, ones, and mgrid}{section.A.3}% 108
\BOOKMARK [1][-]{section.A.4}{Mathematical Plotting with matplotlib}{appendix.A}% 109
\BOOKMARK [2][-]{subsection.A.4.1}{Basics with plt.plot\(\)}{section.A.4}% 110
\BOOKMARK [2][-]{subsection.A.4.2}{Subplots}{section.A.4}% 111
\BOOKMARK [2][-]{subsection.A.4.3}{Logarithmic Scaling with semilogy, semilogx, and loglog}{section.A.4}% 112
\BOOKMARK [1][-]{section.A.5}{Symbolic Algebra and Calculus with sympy}{appendix.A}% 113
\BOOKMARK [2][-]{subsection.A.5.1}{Symbolic Variables with symbols}{section.A.5}% 114
\BOOKMARK [2][-]{subsection.A.5.2}{Symbolic Algebra}{section.A.5}% 115
\BOOKMARK [2][-]{subsection.A.5.3}{Symbolic Function Evaluation}{section.A.5}% 116
\BOOKMARK [2][-]{subsection.A.5.4}{Symbolic Calculus}{section.A.5}% 117
\BOOKMARK [2][-]{subsection.A.5.5}{Solving Equations Symbolically}{section.A.5}% 118
\BOOKMARK [2][-]{subsection.A.5.6}{Symbolic Plotting}{section.A.5}% 119
\BOOKMARK [0][-]{appendix.B}{Writing and Projects}{}% 120
\BOOKMARK [1][-]{section.B.1}{The Paper}{appendix.B}% 121
\BOOKMARK [1][-]{section.B.2}{Figures and Tables}{appendix.B}% 122
\BOOKMARK [1][-]{section.B.3}{Writing Style}{appendix.B}% 123
\BOOKMARK [1][-]{section.B.4}{Tips For Writing Clear Mathematics}{appendix.B}% 124
\BOOKMARK [2][-]{subsection.B.4.1}{Audience}{section.B.4}% 125
\BOOKMARK [2][-]{subsection.B.4.2}{How To Make Mathematics Readable \205 10 Things To Do}{section.B.4}% 126
\BOOKMARK [2][-]{subsection.B.4.3}{Some Writing Tips}{section.B.4}% 127
\BOOKMARK [2][-]{subsection.B.4.4}{Mathematical Vocabulary}{section.B.4}% 128
\BOOKMARK [1][-]{section.B.5}{Sensitivity Analysis}{appendix.B}% 129
\BOOKMARK [1][-]{section.B.6}{Example of Sensitivity Analysis:}{appendix.B}% 130
\BOOKMARK [0][-]{appendix.C}{LaTeX}{}% 131
\BOOKMARK [1][-]{section.C.1}{Equation Environments and Cross Referencing}{appendix.C}% 132
\BOOKMARK [1][-]{section.C.2}{Tables, Tabular, Figures, Shortcuts, and Other Environments}{appendix.C}% 133
\BOOKMARK [2][-]{subsection.C.2.1}{Tables and Tabular Environments}{section.C.2}% 134
\BOOKMARK [2][-]{subsection.C.2.2}{Excel To LaTeX}{section.C.2}% 135
\BOOKMARK [2][-]{subsection.C.2.3}{Figures}{section.C.2}% 136
\BOOKMARK [2][-]{subsection.C.2.4}{New Commands: Shortcuts are AWESOME!}{section.C.2}% 137
\BOOKMARK [1][-]{section.C.3}{Graphics in LaTeX}{appendix.C}% 138
\BOOKMARK [2][-]{subsection.C.3.1}{The Tikz and PGFPlots Packages}{section.C.3}% 139
\BOOKMARK [1][-]{section.C.4}{Bibliography Management}{appendix.C}% 140
\BOOKMARK [2][-]{subsection.C.4.1}{Embedded Bibliography}{section.C.4}% 141
\BOOKMARK [2][-]{subsection.C.4.2}{Bibliography Database: BibTeX}{section.C.4}% 142
\BOOKMARK [0][-]{appendix.D}{Optional Material}{}% 143
\BOOKMARK [1][-]{section.D.1}{Interpolation}{appendix.D}% 144
\BOOKMARK [2][-]{subsection.D.1.1}{Vandermonde Interpolation}{section.D.1}% 145
\BOOKMARK [2][-]{subsection.D.1.2}{Lagrange Interpolation}{section.D.1}% 146
\BOOKMARK [2][-]{subsection.D.1.3}{Interpolation at Chebyshev Points}{section.D.1}% 147
\BOOKMARK [1][-]{section.D.2}{Building PDE's From Conservation Laws}{appendix.D}% 148
\BOOKMARK [0][-]{equation.D.2.17}{Bibliography}{}% 149
